<?xml version="1.0" encoding="UTF-8"?>
<!-- Generated by org.testng.reporters.JUnitReportReporter -->
<testsuite skipped="0" hostname="Anass-MBP.home" name="com.runner.AmazonRunner" tests="1" failures="0" timestamp="09 Sep 2018 05:15:02 GMT" time="72.605" errors="0">
  <testcase name="feature" time="72.605" classname="com.runner.AmazonRunner"/>
</testsuite> <!-- com.runner.AmazonRunner -->
